# JRE version: Java(TM) SE Runtime Environment 18.9 (11.0.27+8) (build 11.0.27+8-LTS-232)
# Java VM: Java HotSpot(TM) 64-Bit Server VM 18.9 (11.0.27+8-LTS-232, mixed mode, tiered, compressed oops, g1 gc, windows-amd64)
Heap:
 garbage-first heap   total 226304K, used 36153K [0x0000000749200000, 0x0000000800000000)
  region size 1024K, 18 young (18432K), 10 survivors (10240K)
 Metaspace       used 63123K, capacity 64770K, committed 65020K, reserved 1105920K
  class space    used 7592K, capacity 8190K, committed 8192K, reserved 1048576K
GC Heap History (10 events):
Event: 3.406 GC heap before
{Heap before GC invocations=5 (full 0):
 garbage-first heap   total 188416K, used 46036K [0x0000000749200000, 0x0000000800000000)
  region size 1024K, 39 young (39936K), 2 survivors (2048K)
 Metaspace       used 24945K, capacity 25707K, committed 25852K, reserved 1071104K
  class space    used 2941K, capacity 3227K, committed 3328K, reserved 1048576K
}
Event: 3.413 GC heap after
{Heap after GC invocations=6 (full 0):
 garbage-first heap   total 188416K, used 11351K [0x0000000749200000, 0x0000000800000000)
  region size 1024K, 5 young (5120K), 5 survivors (5120K)
 Metaspace       used 24945K, capacity 25707K, committed 25852K, reserved 1071104K
  class space    used 2941K, capacity 3227K, committed 3328K, reserved 1048576K
}
Event: 4.681 GC heap before
{Heap before GC invocations=7 (full 0):
 garbage-first heap   total 188416K, used 69719K [0x0000000749200000, 0x0000000800000000)
  region size 1024K, 62 young (63488K), 5 survivors (5120K)
 Metaspace       used 30709K, capacity 31749K, committed 31868K, reserved 1077248K
  class space    used 3798K, capacity 4198K, committed 4224K, reserved 1048576K
}
Event: 4.691 GC heap after
{Heap after GC invocations=8 (full 0):
 garbage-first heap   total 188416K, used 14154K [0x0000000749200000, 0x0000000800000000)
  region size 1024K, 7 young (7168K), 7 survivors (7168K)
 Metaspace       used 30709K, capacity 31749K, committed 31868K, reserved 1077248K
  class space    used 3798K, capacity 4198K, committed 4224K, reserved 1048576K
}
Event: 6.124 GC heap before
{Heap before GC invocations=8 (full 0):
 garbage-first heap   total 188416K, used 82762K [0x0000000749200000, 0x0000000800000000)
  region size 1024K, 75 young (76800K), 7 survivors (7168K)
 Metaspace       used 41851K, capacity 42988K, committed 43004K, reserved 1087488K
  class space    used 5121K, capacity 5617K, committed 5632K, reserved 1048576K
}
Event: 6.140 GC heap after
{Heap after GC invocations=9 (full 0):
 garbage-first heap   total 188416K, used 19018K [0x0000000749200000, 0x0000000800000000)
  region size 1024K, 12 young (12288K), 12 survivors (12288K)
 Metaspace       used 41851K, capacity 42988K, committed 43004K, reserved 1087488K
  class space    used 5121K, capacity 5617K, committed 5632K, reserved 1048576K
}
Event: 7.749 GC heap before
{Heap before GC invocations=10 (full 0):
 garbage-first heap   total 188416K, used 106058K [0x0000000749200000, 0x0000000800000000)
  region size 1024K, 97 young (99328K), 12 survivors (12288K)
 Metaspace       used 51259K, capacity 52664K, committed 52988K, reserved 1095680K
  class space    used 6483K, capacity 7041K, committed 7168K, reserved 1048576K
}
Event: 7.774 GC heap after
{Heap after GC invocations=11 (full 0):
 garbage-first heap   total 188416K, used 23009K [0x0000000749200000, 0x0000000800000000)
  region size 1024K, 9 young (9216K), 9 survivors (9216K)
 Metaspace       used 51259K, capacity 52664K, committed 52988K, reserved 1095680K
  class space    used 6483K, capacity 7041K, committed 7168K, reserved 1048576K
}
Event: 77.701 GC heap before
{Heap before GC invocations=11 (full 0):
 garbage-first heap   total 188416K, used 125409K [0x0000000749200000, 0x0000000800000000)
  region size 1024K, 110 young (112640K), 9 survivors (9216K)
 Metaspace       used 62852K, capacity 64442K, committed 64508K, reserved 1105920K
  class space    used 7567K, capacity 8166K, committed 8192K, reserved 1048576K
}
Event: 77.724 GC heap after
{Heap after GC invocations=12 (full 0):
 garbage-first heap   total 226304K, used 28985K [0x0000000749200000, 0x0000000800000000)
  region size 1024K, 10 young (10240K), 10 survivors (10240K)
 Metaspace       used 62852K, capacity 64442K, committed 64508K, reserved 1105920K
  class space    used 7567K, capacity 8166K, committed 8192K, reserved 1048576K
}

