# JRE version: Java(TM) SE Runtime Environment 18.9 (11.0.27+8) (build 11.0.27+8-LTS-232)
# Java VM: Java HotSpot(TM) 64-Bit Server VM 18.9 (11.0.27+8-LTS-232, mixed mode, tiered, compressed oops, g1 gc, windows-amd64)
Heap:
 garbage-first heap   total 226304K, used 26112K [0x0000000749200000, 0x0000000800000000)
  region size 1024K, 11 young (11264K), 11 survivors (11264K)
 Metaspace       used 58986K, capacity 60461K, committed 60540K, reserved 1101824K
  class space    used 7184K, capacity 7775K, committed 7808K, reserved 1048576K
GC Heap History (10 events):
Event: 3.253 GC heap after
{Heap after GC invocations=4 (full 0):
 garbage-first heap   total 188416K, used 9142K [0x0000000749200000, 0x0000000800000000)
  region size 1024K, 2 young (2048K), 2 survivors (2048K)
 Metaspace       used 20603K, capacity 21154K, committed 21248K, reserved 1069056K
  class space    used 2345K, capacity 2550K, committed 2560K, reserved 1048576K
}
Event: 4.087 GC heap before
{Heap before GC invocations=5 (full 0):
 garbage-first heap   total 188416K, used 47030K [0x0000000749200000, 0x0000000800000000)
  region size 1024K, 40 young (40960K), 2 survivors (2048K)
 Metaspace       used 24971K, capacity 25664K, committed 25852K, reserved 1071104K
  class space    used 2949K, capacity 3231K, committed 3328K, reserved 1048576K
}
Event: 4.094 GC heap after
{Heap after GC invocations=6 (full 0):
 garbage-first heap   total 188416K, used 11438K [0x0000000749200000, 0x0000000800000000)
  region size 1024K, 5 young (5120K), 5 survivors (5120K)
 Metaspace       used 24971K, capacity 25664K, committed 25852K, reserved 1071104K
  class space    used 2949K, capacity 3231K, committed 3328K, reserved 1048576K
}
Event: 5.679 GC heap before
{Heap before GC invocations=6 (full 0):
 garbage-first heap   total 188416K, used 72878K [0x0000000749200000, 0x0000000800000000)
  region size 1024K, 65 young (66560K), 5 survivors (5120K)
 Metaspace       used 31357K, capacity 32349K, committed 32508K, reserved 1077248K
  class space    used 3864K, capacity 4270K, committed 4352K, reserved 1048576K
}
Event: 5.690 GC heap after
{Heap after GC invocations=7 (full 0):
 garbage-first heap   total 188416K, used 14672K [0x0000000749200000, 0x0000000800000000)
  region size 1024K, 8 young (8192K), 8 survivors (8192K)
 Metaspace       used 31357K, capacity 32349K, committed 32508K, reserved 1077248K
  class space    used 3864K, capacity 4270K, committed 4352K, reserved 1048576K
}
Event: 6.508 GC heap before
{Heap before GC invocations=7 (full 0):
 garbage-first heap   total 188416K, used 48464K [0x0000000749200000, 0x0000000800000000)
  region size 1024K, 42 young (43008K), 8 survivors (8192K)
 Metaspace       used 34826K, capacity 35899K, committed 35964K, reserved 1081344K
  class space    used 4284K, capacity 4720K, committed 4736K, reserved 1048576K
}
Event: 6.521 GC heap after
{Heap after GC invocations=8 (full 0):
 garbage-first heap   total 188416K, used 16384K [0x0000000749200000, 0x0000000800000000)
  region size 1024K, 9 young (9216K), 9 survivors (9216K)
 Metaspace       used 34826K, capacity 35899K, committed 35964K, reserved 1081344K
  class space    used 4284K, capacity 4720K, committed 4736K, reserved 1048576K
}
Event: 9.158 GC heap before
{Heap before GC invocations=9 (full 0):
 garbage-first heap   total 188416K, used 118784K [0x0000000749200000, 0x0000000800000000)
  region size 1024K, 110 young (112640K), 9 survivors (9216K)
 Metaspace       used 50862K, capacity 52273K, committed 52348K, reserved 1095680K
  class space    used 6448K, capacity 6995K, committed 7040K, reserved 1048576K
}
Event: 9.179 GC heap after
{Heap after GC invocations=10 (full 0):
 garbage-first heap   total 188416K, used 22674K [0x0000000749200000, 0x0000000800000000)
  region size 1024K, 14 young (14336K), 14 survivors (14336K)
 Metaspace       used 50862K, capacity 52273K, committed 52348K, reserved 1095680K
  class space    used 6448K, capacity 6995K, committed 7040K, reserved 1048576K
}
Event: 65.521 GC heap before
{Heap before GC invocations=10 (full 0):
 garbage-first heap   total 188416K, used 80018K [0x0000000749200000, 0x0000000800000000)
  region size 1024K, 72 young (73728K), 14 survivors (14336K)
 Metaspace       used 58986K, capacity 60461K, committed 60540K, reserved 1101824K
  class space    used 7184K, capacity 7775K, committed 7808K, reserved 1048576K
}

