# JRE version: Java(TM) SE Runtime Environment 18.9 (11.0.27+8) (build 11.0.27+8-LTS-232)
# Java VM: Java HotSpot(TM) 64-Bit Server VM 18.9 (11.0.27+8-LTS-232, mixed mode, tiered, compressed oops, g1 gc, windows-amd64)
Heap:
 garbage-first heap   total 188416K, used 22338K [0x0000000749200000, 0x0000000800000000)
  region size 1024K, 13 young (13312K), 10 survivors (10240K)
 Metaspace       used 45539K, capacity 46804K, committed 46876K, reserved 1107968K
  class space    used 5739K, capacity 6238K, committed 6272K, reserved 1048576K
GC Heap History (10 events):
Event: 10.126 GC heap before
{Heap before GC invocations=3 (full 0):
 garbage-first heap   total 188416K, used 16195K [0x0000000749200000, 0x0000000800000000)
  region size 1024K, 10 young (10240K), 2 survivors (2048K)
 Metaspace       used 20558K, capacity 21108K, committed 21296K, reserved 1069056K
  class space    used 2375K, capacity 2600K, committed 2688K, reserved 1048576K
}
Event: 10.132 GC heap after
{Heap after GC invocations=4 (full 0):
 garbage-first heap   total 188416K, used 9260K [0x0000000749200000, 0x0000000800000000)
  region size 1024K, 2 young (2048K), 2 survivors (2048K)
 Metaspace       used 20558K, capacity 21108K, committed 21296K, reserved 1069056K
  class space    used 2375K, capacity 2600K, committed 2688K, reserved 1048576K
}
Event: 13.945 GC heap before
{Heap before GC invocations=5 (full 0):
 garbage-first heap   total 188416K, used 46124K [0x0000000749200000, 0x0000000800000000)
  region size 1024K, 39 young (39936K), 2 survivors (2048K)
 Metaspace       used 24870K, capacity 25599K, committed 25776K, reserved 1071104K
  class space    used 2948K, capacity 3231K, committed 3328K, reserved 1048576K
}
Event: 13.953 GC heap after
{Heap after GC invocations=6 (full 0):
 garbage-first heap   total 188416K, used 11572K [0x0000000749200000, 0x0000000800000000)
  region size 1024K, 5 young (5120K), 5 survivors (5120K)
 Metaspace       used 24870K, capacity 25599K, committed 25776K, reserved 1071104K
  class space    used 2948K, capacity 3231K, committed 3328K, reserved 1048576K
}
Event: 16.655 GC heap before
{Heap before GC invocations=6 (full 0):
 garbage-first heap   total 188416K, used 71988K [0x0000000749200000, 0x0000000800000000)
  region size 1024K, 64 young (65536K), 5 survivors (5120K)
 Metaspace       used 31454K, capacity 32478K, committed 32688K, reserved 1077248K
  class space    used 3873K, capacity 4286K, committed 4352K, reserved 1048576K
}
Event: 16.672 GC heap after
{Heap after GC invocations=7 (full 0):
 garbage-first heap   total 188416K, used 14461K [0x0000000749200000, 0x0000000800000000)
  region size 1024K, 7 young (7168K), 7 survivors (7168K)
 Metaspace       used 31454K, capacity 32478K, committed 32688K, reserved 1077248K
  class space    used 3873K, capacity 4286K, committed 4352K, reserved 1048576K
}
Event: 22.260 GC heap before
{Heap before GC invocations=7 (full 0):
 garbage-first heap   total 188416K, used 56445K [0x0000000749200000, 0x0000000800000000)
  region size 1024K, 49 young (50176K), 7 survivors (7168K)
 Metaspace       used 34715K, capacity 35809K, committed 35888K, reserved 1081344K
  class space    used 4277K, capacity 4724K, committed 4736K, reserved 1048576K
}
Event: 22.276 GC heap after
{Heap after GC invocations=8 (full 0):
 garbage-first heap   total 188416K, used 16403K [0x0000000749200000, 0x0000000800000000)
  region size 1024K, 9 young (9216K), 9 survivors (9216K)
 Metaspace       used 34715K, capacity 35809K, committed 35888K, reserved 1081344K
  class space    used 4277K, capacity 4724K, committed 4736K, reserved 1048576K
}
Event: 34.935 GC heap before
{Heap before GC invocations=9 (full 0):
 garbage-first heap   total 188416K, used 75795K [0x0000000749200000, 0x0000000800000000)
  region size 1024K, 69 young (70656K), 9 survivors (9216K)
 Metaspace       used 45173K, capacity 46452K, committed 46492K, reserved 1097728K
  class space    used 5644K, capacity 6142K, committed 6144K, reserved 1048576K
}
Event: 34.960 GC heap after
{Heap after GC invocations=10 (full 0):
 garbage-first heap   total 188416K, used 20290K [0x0000000749200000, 0x0000000800000000)
  region size 1024K, 10 young (10240K), 10 survivors (10240K)
 Metaspace       used 45173K, capacity 46452K, committed 46492K, reserved 1097728K
  class space    used 5644K, capacity 6142K, committed 6144K, reserved 1048576K
}

